Start testing: Nov 15 11:53 EST
----------------------------------------------------------
1/3 Testing: UtilityTests
1/3 Test: UtilityTests
Command: "/Users/domsoos/Desktop/research/hipsters/optimization/refactored/build/tests/utility_tests"
Directory: /Users/domsoos/Desktop/research/hipsters/optimization/refactored/build/tests
"UtilityTests" start time: Nov 15 11:53 EST
Output:
----------------------------------------------------------
rand_double() = -4.14968
rand_int() = 0
measure_memory() = 25493504
<end of output>
Test time =   0.16 sec
----------------------------------------------------------
Test Passed.
"UtilityTests" end time: Nov 15 11:53 EST
"UtilityTests" time elapsed: 00:00:00
----------------------------------------------------------

2/3 Testing: OptimizationTests
2/3 Test: OptimizationTests
Command: "/Users/domsoos/Desktop/research/hipsters/optimization/refactored/build/tests/optimization_tests"
Directory: /Users/domsoos/Desktop/research/hipsters/optimization/refactored/build/tests
"OptimizationTests" start time: Nov 15 11:53 EST
Output:
----------------------------------------------------------
starting point = 9
predicted function value after step size == 4
<end of output>
Test time =   0.11 sec
----------------------------------------------------------
Test Passed.
"OptimizationTests" end time: Nov 15 11:53 EST
"OptimizationTests" time elapsed: 00:00:00
----------------------------------------------------------

3/3 Testing: FunctionTests
3/3 Test: FunctionTests
Command: "/Users/domsoos/Desktop/research/hipsters/optimization/refactored/build/tests/function_tests"
Directory: /Users/domsoos/Desktop/research/hipsters/optimization/refactored/build/tests
"FunctionTests" start time: Nov 15 11:53 EST
Output:
----------------------------------------------------------
rosenbrock funinit = 0
rosenbrock funmin = 24.2
woods funinit = 19192
woods funmin  = 0
powell fun = 215
helivalley init = 2500
helivalley min  = 0
fp trig = 0
woods der funmin = -0 0 0 0 
powell der funmin = 0 0 0 0 
powell der random = helivalley der funmin: 0 0 0 
helivalley der random: x[0]: 0.585786
x[1]: 0.585786
x[2]: 0
fp trig der = 0 0 0 
<end of output>
Test time =   0.10 sec
----------------------------------------------------------
Test Passed.
"FunctionTests" end time: Nov 15 11:53 EST
"FunctionTests" time elapsed: 00:00:00
----------------------------------------------------------

End testing: Nov 15 11:53 EST
